f:\homeanduniwork\home-and-uni-work\assignment1stratey\assignment1stratey\debug\vc142.pdb
f:\homeanduniwork\home-and-uni-work\assignment1stratey\assignment1stratey\debug\vc142.idb
f:\homeanduniwork\home-and-uni-work\assignment1stratey\assignment1stratey\debug\units.obj
f:\homeanduniwork\home-and-uni-work\assignment1stratey\assignment1stratey\debug\troglodyte.obj
f:\homeanduniwork\home-and-uni-work\assignment1stratey\assignment1stratey\debug\spellbook.obj
f:\homeanduniwork\home-and-uni-work\assignment1stratey\assignment1stratey\debug\spell.obj
f:\homeanduniwork\home-and-uni-work\assignment1stratey\assignment1stratey\debug\minotaur.obj
f:\homeanduniwork\home-and-uni-work\assignment1stratey\assignment1stratey\debug\hero.obj
f:\homeanduniwork\home-and-uni-work\assignment1stratey\assignment1stratey\debug\harpy.obj
f:\homeanduniwork\home-and-uni-work\assignment1stratey\assignment1stratey\debug\skeleton.obj
f:\homeanduniwork\home-and-uni-work\assignment1stratey\assignment1stratey\debug\pickupspell.obj
f:\homeanduniwork\home-and-uni-work\assignment1stratey\assignment1stratey\debug\pickup.obj
f:\homeanduniwork\home-and-uni-work\assignment1stratey\assignment1stratey\debug\fireball.obj
f:\homeanduniwork\home-and-uni-work\assignment1stratey\assignment1stratey\debug\source.obj
f:\homeanduniwork\home-and-uni-work\assignment1stratey\debug\assignment1stratey.exe
f:\homeanduniwork\home-and-uni-work\assignment1stratey\debug\assignment1stratey.ilk
f:\homeanduniwork\home-and-uni-work\assignment1stratey\debug\assignment1stratey.pdb
f:\homeanduniwork\home-and-uni-work\assignment1stratey\assignment1stratey\debug\source.new.obj.enc
f:\homeanduniwork\home-and-uni-work\assignment1stratey\assignment1stratey\debug\assignme.2364f171.tlog\cl.command.1.tlog
f:\homeanduniwork\home-and-uni-work\assignment1stratey\assignment1stratey\debug\assignme.2364f171.tlog\cl.read.1.tlog
f:\homeanduniwork\home-and-uni-work\assignment1stratey\assignment1stratey\debug\assignme.2364f171.tlog\cl.write.1.tlog
f:\homeanduniwork\home-and-uni-work\assignment1stratey\assignment1stratey\debug\assignme.2364f171.tlog\link.command.1.tlog
f:\homeanduniwork\home-and-uni-work\assignment1stratey\assignment1stratey\debug\assignme.2364f171.tlog\link.read.1.tlog
f:\homeanduniwork\home-and-uni-work\assignment1stratey\assignment1stratey\debug\assignme.2364f171.tlog\link.write.1.tlog
